<?xml version="1.0" encoding="UTF-8"?>
<!-- Generated by org.testng.reporters.JUnitXMLReporter -->
<testsuite ignored="13" hostname="Avyak02" failures="0" tests="3" name="Regression" time="69.393" errors="0" timestamp="2022-02-01T16:56:56 IST">
  <testcase classname="com.Project.TestCase.AddToCartPageTest" name="addToCartTest" time="6.432"/>
  <testcase classname="com.Project.TestCase.ShoppingCartPageTest" name="addToCartTest" time="8.234"/>
  <testcase classname="com.Project.TestCase.EndToEndTest" name="addToCartTest" time="35.17"/>
  <testcase classname="com.Project.Base.BaseClass" name="@BeforeSuite beforeSuite" time="0.0">
    <ignored/>
  </testcase> <!-- @BeforeSuite beforeSuite -->
  <testcase classname="com.Project.Base.BaseClass" name="@BeforeSuite beforeSuite" time="0.0">
    <ignored/>
  </testcase> <!-- @BeforeSuite beforeSuite -->
  <testcase classname="com.Project.Base.BaseClass" name="@BeforeSuite beforeSuite" time="0.0">
    <ignored/>
  </testcase> <!-- @BeforeSuite beforeSuite -->
  <testcase classname="com.Project.Base.BaseClass" name="@BeforeSuite beforeSuite" time="0.0">
    <ignored/>
  </testcase> <!-- @BeforeSuite beforeSuite -->
  <testcase classname="com.Project.Base.BaseClass" name="@BeforeSuite beforeSuite" time="0.0">
    <ignored/>
  </testcase> <!-- @BeforeSuite beforeSuite -->
  <testcase classname="com.Project.Base.BaseClass" name="@BeforeSuite beforeSuite" time="0.0">
    <ignored/>
  </testcase> <!-- @BeforeSuite beforeSuite -->
  <testcase classname="com.Project.Base.BaseClass" name="@BeforeSuite beforeSuite" time="0.0">
    <ignored/>
  </testcase> <!-- @BeforeSuite beforeSuite -->
  <testcase classname="com.Project.TestCase.HomePageTest" name="featuredListTest" time="0.0">
    <ignored/>
  </testcase> <!-- featuredListTest -->
  <testcase classname="com.Project.TestCase.IndexPageTest" name="verifyLogo" time="0.0">
    <ignored/>
  </testcase> <!-- verifyLogo -->
  <testcase classname="com.Project.TestCase.AccountPageTest" name="clickOnHomeicon" time="0.0">
    <ignored/>
  </testcase> <!-- clickOnHomeicon -->
  <testcase classname="com.Project.TestCase.LoginPageTest" name="userLogin" time="0.0">
    <ignored/>
  </testcase> <!-- userLogin -->
  <testcase classname="com.Project.TestCase.SearchResultPageTest" name="productAvialbilityTest" time="0.0">
    <ignored/>
  </testcase> <!-- productAvialbilityTest -->
  <testcase classname="com.Project.TestCase.IndexPageTest" name="verifyTitle" time="0.0">
    <ignored/>
  </testcase> <!-- verifyTitle -->
</testsuite> <!-- Regression -->
